2022-04-16 22:19:19.674 [main] INFO  calculator.calculator - selected exponential and x is:2 and b is :5
2022-04-16 22:19:19.712 [main] INFO  calculator.calculator - result is:32.0
2022-04-16 22:20:23.351 [main] INFO  calculator.calculator - selected square root and entered number is:9
2022-04-16 22:20:23.384 [main] INFO  calculator.calculator - square root is:3.0
2022-04-16 22:21:11.647 [main] INFO  calculator.calculator - selected natural logarithm and entered number is:9
2022-04-16 22:21:11.673 [main] INFO  calculator.calculator - result of natural logarith is:2.1972245773362196
2022-04-16 22:21:17.442 [main] INFO  calculator.calculator - selected square root and entered number is:24
2022-04-16 22:21:17.446 [main] INFO  calculator.calculator - square root is:4.898979485566356
2022-04-16 22:21:24.048 [main] INFO  calculator.calculator - selected exponential and x is:3 and b is :2
2022-04-16 22:21:24.051 [main] INFO  calculator.calculator - result is:9.0
2022-04-17 19:00:43.919 [main] INFO  calculator.calculator - selected natural logarithm and entered number is:4
2022-04-17 19:00:43.926 [main] INFO  calculator.calculator - result of natural logarith is:1.3862943611198906
2022-04-17 19:00:43.934 [main] INFO  calculator.calculator - selected exponential and x is:4 and b is :2
2022-04-17 19:00:43.935 [main] INFO  calculator.calculator - result is:16.0
2022-04-17 19:00:43.936 [main] INFO  calculator.calculator - selected square root and entered number is:4
2022-04-17 19:00:43.937 [main] INFO  calculator.calculator - square root is:2.0
2022-04-17 19:00:43.939 [main] INFO  calculator.calculator - selected factorial  and entered number is:4
2022-04-17 19:00:43.940 [main] INFO  calculator.calculator - factorial is:24
2022-04-17 19:00:43.941 [main] INFO  calculator.calculator - selected natural logarithm and entered number is:4
2022-04-17 19:00:43.941 [main] INFO  calculator.calculator - result of natural logarith is:1.3862943611198906
2022-04-17 19:00:43.942 [main] INFO  calculator.calculator - selected factorial  and entered number is:4
2022-04-17 19:00:43.943 [main] INFO  calculator.calculator - factorial is:24
2022-04-17 19:00:43.944 [main] INFO  calculator.calculator - selected square root and entered number is:4
2022-04-17 19:00:43.944 [main] INFO  calculator.calculator - square root is:2.0
2022-04-17 19:00:43.945 [main] INFO  calculator.calculator - selected exponential and x is:4 and b is :2
2022-04-17 19:00:43.946 [main] INFO  calculator.calculator - result is:16.0
2022-04-17 19:00:59.419 [main] INFO  calculator.calculator - selected natural logarithm and entered number is:4
2022-04-17 19:00:59.427 [main] INFO  calculator.calculator - result of natural logarith is:1.3862943611198906
2022-04-17 19:00:59.438 [main] INFO  calculator.calculator - selected exponential and x is:4 and b is :2
2022-04-17 19:00:59.439 [main] INFO  calculator.calculator - result is:16.0
2022-04-17 19:00:59.440 [main] INFO  calculator.calculator - selected square root and entered number is:4
2022-04-17 19:00:59.441 [main] INFO  calculator.calculator - square root is:2.0
2022-04-17 19:00:59.442 [main] INFO  calculator.calculator - selected factorial  and entered number is:4
2022-04-17 19:00:59.450 [main] INFO  calculator.calculator - factorial is:24
2022-04-17 19:00:59.451 [main] INFO  calculator.calculator - selected natural logarithm and entered number is:4
2022-04-17 19:00:59.452 [main] INFO  calculator.calculator - result of natural logarith is:1.3862943611198906
2022-04-17 19:00:59.453 [main] INFO  calculator.calculator - selected factorial  and entered number is:4
2022-04-17 19:00:59.453 [main] INFO  calculator.calculator - factorial is:24
2022-04-17 19:00:59.455 [main] INFO  calculator.calculator - selected square root and entered number is:4
2022-04-17 19:00:59.455 [main] INFO  calculator.calculator - square root is:2.0
2022-04-17 19:00:59.458 [main] INFO  calculator.calculator - selected exponential and x is:4 and b is :2
2022-04-17 19:00:59.458 [main] INFO  calculator.calculator - result is:16.0
2022-04-17 19:01:53.718 [main] INFO  calculator.calculator - selected natural logarithm and entered number is:4
2022-04-17 19:01:53.724 [main] INFO  calculator.calculator - result of natural logarith is:1.3862943611198906
2022-04-17 19:01:53.733 [main] INFO  calculator.calculator - selected exponential and x is:4 and b is :2
2022-04-17 19:01:53.734 [main] INFO  calculator.calculator - result is:16.0
2022-04-17 19:01:53.735 [main] INFO  calculator.calculator - selected square root and entered number is:4
2022-04-17 19:01:53.736 [main] INFO  calculator.calculator - square root is:2.0
2022-04-17 19:01:53.738 [main] INFO  calculator.calculator - selected factorial  and entered number is:4
2022-04-17 19:01:53.738 [main] INFO  calculator.calculator - factorial is:24
2022-04-17 19:01:53.739 [main] INFO  calculator.calculator - selected natural logarithm and entered number is:4
2022-04-17 19:01:53.740 [main] INFO  calculator.calculator - result of natural logarith is:1.3862943611198906
2022-04-17 19:01:53.741 [main] INFO  calculator.calculator - selected factorial  and entered number is:4
2022-04-17 19:01:53.741 [main] INFO  calculator.calculator - factorial is:24
2022-04-17 19:01:53.755 [main] INFO  calculator.calculator - selected square root and entered number is:4
2022-04-17 19:01:53.755 [main] INFO  calculator.calculator - square root is:2.0
2022-04-17 19:01:53.757 [main] INFO  calculator.calculator - selected exponential and x is:4 and b is :2
2022-04-17 19:01:53.757 [main] INFO  calculator.calculator - result is:16.0
2022-04-17 19:02:00.158 [main] INFO  calculator.calculator - selected natural logarithm and entered number is:4
2022-04-17 19:02:00.164 [main] INFO  calculator.calculator - result of natural logarith is:1.3862943611198906
2022-04-17 19:02:00.173 [main] INFO  calculator.calculator - selected exponential and x is:4 and b is :2
2022-04-17 19:02:00.174 [main] INFO  calculator.calculator - result is:16.0
2022-04-17 19:02:00.176 [main] INFO  calculator.calculator - selected square root and entered number is:4
2022-04-17 19:02:00.176 [main] INFO  calculator.calculator - square root is:2.0
2022-04-17 19:02:00.178 [main] INFO  calculator.calculator - selected factorial  and entered number is:4
2022-04-17 19:02:00.179 [main] INFO  calculator.calculator - factorial is:24
2022-04-17 19:02:00.180 [main] INFO  calculator.calculator - selected natural logarithm and entered number is:4
2022-04-17 19:02:00.180 [main] INFO  calculator.calculator - result of natural logarith is:1.3862943611198906
2022-04-17 19:02:00.181 [main] INFO  calculator.calculator - selected factorial  and entered number is:4
2022-04-17 19:02:00.182 [main] INFO  calculator.calculator - factorial is:24
2022-04-17 19:02:00.186 [main] INFO  calculator.calculator - selected square root and entered number is:4
2022-04-17 19:02:00.186 [main] INFO  calculator.calculator - square root is:2.0
2022-04-17 19:02:00.188 [main] INFO  calculator.calculator - selected exponential and x is:4 and b is :2
2022-04-17 19:02:00.188 [main] INFO  calculator.calculator - result is:16.0
2022-04-18 12:18:29.294 [main] INFO  calculator.calculator - selected natural logarithm and entered number is:4
2022-04-18 12:18:29.306 [main] INFO  calculator.calculator - result of natural logarith is:1.3862943611198906
2022-04-18 12:18:29.315 [main] INFO  calculator.calculator - selected exponential and x is:4 and b is :2
2022-04-18 12:18:29.316 [main] INFO  calculator.calculator - result is:16.0
2022-04-18 12:18:29.318 [main] INFO  calculator.calculator - selected square root and entered number is:4
2022-04-18 12:18:29.319 [main] INFO  calculator.calculator - square root is:2.0
2022-04-18 12:18:29.320 [main] INFO  calculator.calculator - selected factorial  and entered number is:4
2022-04-18 12:18:29.321 [main] INFO  calculator.calculator - factorial is:24
2022-04-18 12:18:29.322 [main] INFO  calculator.calculator - selected natural logarithm and entered number is:4
2022-04-18 12:18:29.323 [main] INFO  calculator.calculator - result of natural logarith is:1.3862943611198906
2022-04-18 12:18:29.324 [main] INFO  calculator.calculator - selected factorial  and entered number is:4
2022-04-18 12:18:29.325 [main] INFO  calculator.calculator - factorial is:24
2022-04-18 12:18:29.326 [main] INFO  calculator.calculator - selected square root and entered number is:4
2022-04-18 12:18:29.326 [main] INFO  calculator.calculator - square root is:2.0
2022-04-18 12:18:29.327 [main] INFO  calculator.calculator - selected exponential and x is:4 and b is :2
2022-04-18 12:18:29.328 [main] INFO  calculator.calculator - result is:16.0
2022-04-18 12:18:37.999 [main] INFO  calculator.calculator - selected natural logarithm and entered number is:4
2022-04-18 12:18:38.007 [main] INFO  calculator.calculator - result of natural logarith is:1.3862943611198906
2022-04-18 12:18:38.017 [main] INFO  calculator.calculator - selected exponential and x is:4 and b is :2
2022-04-18 12:18:38.018 [main] INFO  calculator.calculator - result is:16.0
2022-04-18 12:18:38.020 [main] INFO  calculator.calculator - selected square root and entered number is:4
2022-04-18 12:18:38.021 [main] INFO  calculator.calculator - square root is:2.0
2022-04-18 12:18:38.022 [main] INFO  calculator.calculator - selected factorial  and entered number is:4
2022-04-18 12:18:38.023 [main] INFO  calculator.calculator - factorial is:24
2022-04-18 12:18:38.025 [main] INFO  calculator.calculator - selected natural logarithm and entered number is:4
2022-04-18 12:18:38.025 [main] INFO  calculator.calculator - result of natural logarith is:1.3862943611198906
2022-04-18 12:18:38.026 [main] INFO  calculator.calculator - selected factorial  and entered number is:4
2022-04-18 12:18:38.027 [main] INFO  calculator.calculator - factorial is:24
2022-04-18 12:18:38.028 [main] INFO  calculator.calculator - selected square root and entered number is:4
2022-04-18 12:18:38.028 [main] INFO  calculator.calculator - square root is:2.0
2022-04-18 12:18:38.029 [main] INFO  calculator.calculator - selected exponential and x is:4 and b is :2
2022-04-18 12:18:38.030 [main] INFO  calculator.calculator - result is:16.0
2022-04-18 12:19:47.564 [main] INFO  calculator.calculator - selected natural logarithm and entered number is:4
2022-04-18 12:19:47.570 [main] INFO  calculator.calculator - result of natural logarith is:1.3862943611198906
2022-04-18 12:19:47.579 [main] INFO  calculator.calculator - selected exponential and x is:4 and b is :2
2022-04-18 12:19:47.580 [main] INFO  calculator.calculator - result is:16.0
2022-04-18 12:19:47.582 [main] INFO  calculator.calculator - selected square root and entered number is:4
2022-04-18 12:19:47.583 [main] INFO  calculator.calculator - square root is:2.0
2022-04-18 12:19:47.584 [main] INFO  calculator.calculator - selected factorial  and entered number is:4
2022-04-18 12:19:47.585 [main] INFO  calculator.calculator - factorial is:24
2022-04-18 12:19:47.586 [main] INFO  calculator.calculator - selected natural logarithm and entered number is:4
2022-04-18 12:19:47.586 [main] INFO  calculator.calculator - result of natural logarith is:1.3862943611198906
2022-04-18 12:19:47.587 [main] INFO  calculator.calculator - selected factorial  and entered number is:4
2022-04-18 12:19:47.588 [main] INFO  calculator.calculator - factorial is:24
2022-04-18 12:19:47.589 [main] INFO  calculator.calculator - selected square root and entered number is:4
2022-04-18 12:19:47.589 [main] INFO  calculator.calculator - square root is:2.0
2022-04-18 12:19:47.591 [main] INFO  calculator.calculator - selected exponential and x is:4 and b is :2
2022-04-18 12:19:47.591 [main] INFO  calculator.calculator - result is:16.0
2022-04-18 12:19:55.896 [main] INFO  calculator.calculator - selected natural logarithm and entered number is:4
2022-04-18 12:19:55.904 [main] INFO  calculator.calculator - result of natural logarith is:1.3862943611198906
2022-04-18 12:19:55.915 [main] INFO  calculator.calculator - selected exponential and x is:4 and b is :2
2022-04-18 12:19:55.916 [main] INFO  calculator.calculator - result is:16.0
2022-04-18 12:19:55.917 [main] INFO  calculator.calculator - selected square root and entered number is:4
2022-04-18 12:19:55.918 [main] INFO  calculator.calculator - square root is:2.0
2022-04-18 12:19:55.920 [main] INFO  calculator.calculator - selected factorial  and entered number is:4
2022-04-18 12:19:55.921 [main] INFO  calculator.calculator - factorial is:24
2022-04-18 12:19:55.922 [main] INFO  calculator.calculator - selected natural logarithm and entered number is:4
2022-04-18 12:19:55.922 [main] INFO  calculator.calculator - result of natural logarith is:1.3862943611198906
2022-04-18 12:19:55.923 [main] INFO  calculator.calculator - selected factorial  and entered number is:4
2022-04-18 12:19:55.924 [main] INFO  calculator.calculator - factorial is:24
2022-04-18 12:19:55.925 [main] INFO  calculator.calculator - selected square root and entered number is:4
2022-04-18 12:19:55.925 [main] INFO  calculator.calculator - square root is:2.0
2022-04-18 12:19:55.926 [main] INFO  calculator.calculator - selected exponential and x is:4 and b is :2
2022-04-18 12:19:55.927 [main] INFO  calculator.calculator - result is:16.0
